This is pdfTeX, Version 3.1415926-2.5-1.40.14 (MiKTeX 2.9 64-bit) (preloaded format=pdflatex 2015.1.12)  26 JUL 2015 20:09
entering extended mode
**Landauer*progress_1.tex

("C:\Users\bhaba001\Documents\MATLAB\Neural Network\Landauer Summer 2015\Landau
er progress_1.tex"
LaTeX2e <2011/06/27>
Babel <v3.8m> and hyphenation patterns for english, afrikaans, ancientgreek, ar
abic, armenian, assamese, basque, bengali, bokmal, bulgarian, catalan, coptic, 
croatian, czech, danish, dutch, esperanto, estonian, farsi, finnish, french, ga
lician, german, german-x-2013-05-26, greek, gujarati, hindi, hungarian, iceland
ic, indonesian, interlingua, irish, italian, kannada, kurmanji, latin, latvian,
 lithuanian, malayalam, marathi, mongolian, mongolianlmc, monogreek, ngerman, n
german-x-2013-05-26, nynorsk, oriya, panjabi, pinyin, polish, portuguese, roman
ian, russian, sanskrit, serbian, slovak, slovenian, spanish, swedish, swissgerm
an, tamil, telugu, turkish, turkmen, ukenglish, ukrainian, uppersorbian, usengl
ishmax, welsh, loaded.
("C:\Program Files\MiKTeX 2.9\tex\latex\beamer\base\beamer.cls"
("C:\Program Files\MiKTeX 2.9\tex\latex\beamer\base\beamerbasercs.sty"
Package: beamerbasercs 2013/12/25 (rcs-revision 31cc758a62ae)
)
Document Class: beamer 2013/12/02 3.33 A class for typesetting presentations (r
cs-revision 332bfd3ce558)
("C:\Program Files\MiKTeX 2.9\tex\latex\beamer\base\beamerbasemodes.sty"
Package: beamerbasemodes 2013/09/03 (rcs-revision 768f2d98ca64)
\beamer@tempbox=\box26
\beamer@tempcount=\count79
\c@beamerpauses=\count80

("C:\Program Files\MiKTeX 2.9\tex\latex\beamer\base\beamerbasedecode.sty"
Package: beamerbasedecode 2010/05/01 (rcs-revision efa082c6111d)
\beamer@slideinframe=\count81
\beamer@minimum=\count82
)
\beamer@commentbox=\box27
\beamer@modecount=\count83
)
("C:\Program Files\MiKTeX 2.9\tex\generic\oberdiek\ifpdf.sty"
Package: ifpdf 2011/01/30 v2.3 Provides the ifpdf switch (HO)
Package ifpdf Info: pdfTeX in PDF mode is detected.
)
\headheight=\dimen102
\headdp=\dimen103
\footheight=\dimen104
\sidebarheight=\dimen105
\beamer@tempdim=\dimen106
\beamer@finalheight=\dimen107
\beamer@animht=\dimen108
\beamer@animdp=\dimen109
\beamer@animwd=\dimen110
\beamer@leftmargin=\dimen111
\beamer@rightmargin=\dimen112
\beamer@leftsidebar=\dimen113
\beamer@rightsidebar=\dimen114
\beamer@boxsize=\dimen115
\beamer@vboxoffset=\dimen116
\beamer@descdefault=\dimen117
\beamer@descriptionwidth=\dimen118
\beamer@lastskip=\skip41
\beamer@areabox=\box28
\beamer@animcurrent=\box29
\beamer@animshowbox=\box30
\beamer@sectionbox=\box31
\beamer@logobox=\box32
\beamer@linebox=\box33
\beamer@sectioncount=\count84
\beamer@subsubsectionmax=\count85
\beamer@subsectionmax=\count86
\beamer@sectionmax=\count87
\beamer@totalheads=\count88
\beamer@headcounter=\count89
\beamer@partstartpage=\count90
\beamer@sectionstartpage=\count91
\beamer@subsectionstartpage=\count92
\beamer@animationtempa=\count93
\beamer@animationtempb=\count94
\beamer@xpos=\count95
\beamer@ypos=\count96
\beamer@showpartnumber=\count97
\beamer@currentsubsection=\count98
\beamer@coveringdepth=\count99
\beamer@sectionadjust=\count100
\beamer@tocsectionnumber=\count101

("C:\Program Files\MiKTeX 2.9\tex\latex\beamer\base\beamerbaseoptions.sty"
Package: beamerbaseoptions 2013/03/10 (rcs-revision 47431932db0d)

("C:\Program Files\MiKTeX 2.9\tex\latex\graphics\keyval.sty"
Package: keyval 1999/03/16 v1.13 key=value parser (DPC)
\KV@toks@=\toks14
))
\beamer@paperwidth=\skip42
\beamer@paperheight=\skip43

("C:\Program Files\MiKTeX 2.9\tex\latex\geometry\geometry.sty"
Package: geometry 2010/09/12 v5.6 Page Geometry

("C:\Program Files\MiKTeX 2.9\tex\generic\oberdiek\ifvtex.sty"
Package: ifvtex 2010/03/01 v1.5 Detect VTeX and its facilities (HO)
Package ifvtex Info: VTeX not detected.
)
("C:\Program Files\MiKTeX 2.9\tex\generic\ifxetex\ifxetex.sty"
Package: ifxetex 2010/09/12 v0.6 Provides ifxetex conditional
)
\Gm@cnth=\count102
\Gm@cntv=\count103
\c@Gm@tempcnt=\count104
\Gm@bindingoffset=\dimen119
\Gm@wd@mp=\dimen120
\Gm@odd@mp=\dimen121
\Gm@even@mp=\dimen122
\Gm@layoutwidth=\dimen123
\Gm@layoutheight=\dimen124
\Gm@layouthoffset=\dimen125
\Gm@layoutvoffset=\dimen126
\Gm@dimlist=\toks15

("C:\Program Files\MiKTeX 2.9\tex\latex\geometry\geometry.cfg"))
("C:\Program Files\MiKTeX 2.9\tex\latex\base\size11.clo"
File: size11.clo 2007/10/19 v1.4h Standard LaTeX file (size option)
)
("C:\Program Files\MiKTeX 2.9\tex\latex\pgf\basiclayer\pgfcore.sty"
("C:\Program Files\MiKTeX 2.9\tex\latex\graphics\graphicx.sty"
Package: graphicx 1999/02/16 v1.0f Enhanced LaTeX Graphics (DPC,SPQR)

("C:\Program Files\MiKTeX 2.9\tex\latex\graphics\graphics.sty"
Package: graphics 2009/02/05 v1.0o Standard LaTeX Graphics (DPC,SPQR)

("C:\Program Files\MiKTeX 2.9\tex\latex\graphics\trig.sty"
Package: trig 1999/03/16 v1.09 sin cos tan (DPC)
)
("C:\Program Files\MiKTeX 2.9\tex\latex\00miktex\graphics.cfg"
File: graphics.cfg 2007/01/18 v1.5 graphics configuration of teTeX/TeXLive
)
Package graphics Info: Driver file: pdftex.def on input line 91.

("C:\Program Files\MiKTeX 2.9\tex\latex\pdftex-def\pdftex.def"
File: pdftex.def 2011/05/27 v0.06d Graphics/color for pdfTeX

("C:\Program Files\MiKTeX 2.9\tex\generic\oberdiek\infwarerr.sty"
Package: infwarerr 2010/04/08 v1.3 Providing info/warning/error messages (HO)
)
("C:\Program Files\MiKTeX 2.9\tex\generic\oberdiek\ltxcmds.sty"
Package: ltxcmds 2011/11/09 v1.22 LaTeX kernel commands for general use (HO)
)
\Gread@gobject=\count105
))
\Gin@req@height=\dimen127
\Gin@req@width=\dimen128
)
("C:\Program Files\MiKTeX 2.9\tex\latex\pgf\systemlayer\pgfsys.sty"
("C:\Program Files\MiKTeX 2.9\tex\latex\pgf\utilities\pgfrcs.sty"
("C:\Program Files\MiKTeX 2.9\tex\generic\pgf\utilities\pgfutil-common.tex"
\pgfutil@everybye=\toks16
)
("C:\Program Files\MiKTeX 2.9\tex\generic\pgf\utilities\pgfutil-latex.def"
\pgfutil@abb=\box34

("C:\Program Files\MiKTeX 2.9\tex\latex\ms\everyshi.sty"
Package: everyshi 2001/05/15 v3.00 EveryShipout Package (MS)
))
("C:\Program Files\MiKTeX 2.9\tex\generic\pgf\utilities\pgfrcs.code.tex"
Package: pgfrcs 2010/10/25 v2.10 (rcs-revision 1.24)
))
("C:\Program Files\MiKTeX 2.9\tex\generic\pgf\systemlayer\pgfsys.code.tex"
Package: pgfsys 2010/06/30 v2.10 (rcs-revision 1.37)

("C:\Program Files\MiKTeX 2.9\tex\generic\pgf\utilities\pgfkeys.code.tex"
\pgfkeys@pathtoks=\toks17
\pgfkeys@temptoks=\toks18

("C:\Program Files\MiKTeX 2.9\tex\generic\pgf\utilities\pgfkeysfiltered.code.te
x"
\pgfkeys@tmptoks=\toks19
))
\pgf@x=\dimen129
\pgf@y=\dimen130
\pgf@xa=\dimen131
\pgf@ya=\dimen132
\pgf@xb=\dimen133
\pgf@yb=\dimen134
\pgf@xc=\dimen135
\pgf@yc=\dimen136
\w@pgf@writea=\write3
\r@pgf@reada=\read1
\c@pgf@counta=\count106
\c@pgf@countb=\count107
\c@pgf@countc=\count108
\c@pgf@countd=\count109
 ("C:\Program Files\MiKTeX 2.9\tex\generic\pgf\systemlayer\pgf.cfg"
File: pgf.cfg 2008/05/14  (rcs-revision 1.7)
)
Package pgfsys Info: Driver file for pgf: pgfsys-pdftex.def on input line 900.

("C:\Program Files\MiKTeX 2.9\tex\generic\pgf\systemlayer\pgfsys-pdftex.def"
File: pgfsys-pdftex.def 2009/05/22  (rcs-revision 1.26)

("C:\Program Files\MiKTeX 2.9\tex\generic\pgf\systemlayer\pgfsys-common-pdf.def
"
File: pgfsys-common-pdf.def 2008/05/19  (rcs-revision 1.10)
)))
("C:\Program Files\MiKTeX 2.9\tex\generic\pgf\systemlayer\pgfsyssoftpath.code.t
ex"
File: pgfsyssoftpath.code.tex 2008/07/18  (rcs-revision 1.7)
\pgfsyssoftpath@smallbuffer@items=\count110
\pgfsyssoftpath@bigbuffer@items=\count111
)
("C:\Program Files\MiKTeX 2.9\tex\generic\pgf\systemlayer\pgfsysprotocol.code.t
ex"
File: pgfsysprotocol.code.tex 2006/10/16  (rcs-revision 1.4)
)) ("C:\Program Files\MiKTeX 2.9\tex\latex\xcolor\xcolor.sty"
Package: xcolor 2007/01/21 v2.11 LaTeX color extensions (UK)

("C:\Program Files\MiKTeX 2.9\tex\latex\00miktex\color.cfg"
File: color.cfg 2007/01/18 v1.5 color configuration of teTeX/TeXLive
)
Package xcolor Info: Driver file: pdftex.def on input line 225.
Package xcolor Info: Model `cmy' substituted by `cmy0' on input line 1337.
Package xcolor Info: Model `hsb' substituted by `rgb' on input line 1341.
Package xcolor Info: Model `RGB' extended on input line 1353.
Package xcolor Info: Model `HTML' substituted by `rgb' on input line 1355.
Package xcolor Info: Model `Hsb' substituted by `hsb' on input line 1356.
Package xcolor Info: Model `tHsb' substituted by `hsb' on input line 1357.
Package xcolor Info: Model `HSB' substituted by `hsb' on input line 1358.
Package xcolor Info: Model `Gray' substituted by `gray' on input line 1359.
Package xcolor Info: Model `wave' substituted by `hsb' on input line 1360.
)
("C:\Program Files\MiKTeX 2.9\tex\generic\pgf\basiclayer\pgfcore.code.tex"
Package: pgfcore 2010/04/11 v2.10 (rcs-revision 1.7)

("C:\Program Files\MiKTeX 2.9\tex\generic\pgf\math\pgfmath.code.tex"
("C:\Program Files\MiKTeX 2.9\tex\generic\pgf\math\pgfmathcalc.code.tex"
("C:\Program Files\MiKTeX 2.9\tex\generic\pgf\math\pgfmathutil.code.tex")
("C:\Program Files\MiKTeX 2.9\tex\generic\pgf\math\pgfmathparser.code.tex"
\pgfmath@dimen=\dimen137
\pgfmath@count=\count112
\pgfmath@box=\box35
\pgfmath@toks=\toks20
\pgfmath@stack@operand=\toks21
\pgfmath@stack@operation=\toks22
)
("C:\Program Files\MiKTeX 2.9\tex\generic\pgf\math\pgfmathfunctions.code.tex"
("C:\Program Files\MiKTeX 2.9\tex\generic\pgf\math\pgfmathfunctions.basic.code.
tex")
("C:\Program Files\MiKTeX 2.9\tex\generic\pgf\math\pgfmathfunctions.trigonometr
ic.code.tex")
("C:\Program Files\MiKTeX 2.9\tex\generic\pgf\math\pgfmathfunctions.random.code
.tex")
("C:\Program Files\MiKTeX 2.9\tex\generic\pgf\math\pgfmathfunctions.comparison.
code.tex")
("C:\Program Files\MiKTeX 2.9\tex\generic\pgf\math\pgfmathfunctions.base.code.t
ex")
("C:\Program Files\MiKTeX 2.9\tex\generic\pgf\math\pgfmathfunctions.round.code.
tex")
("C:\Program Files\MiKTeX 2.9\tex\generic\pgf\math\pgfmathfunctions.misc.code.t
ex"))) ("C:\Program Files\MiKTeX 2.9\tex\generic\pgf\math\pgfmathfloat.code.tex
"
\c@pgfmathroundto@lastzeros=\count113
))
("C:\Program Files\MiKTeX 2.9\tex\generic\pgf\basiclayer\pgfcorepoints.code.tex
"
File: pgfcorepoints.code.tex 2010/04/09  (rcs-revision 1.20)
\pgf@picminx=\dimen138
\pgf@picmaxx=\dimen139
\pgf@picminy=\dimen140
\pgf@picmaxy=\dimen141
\pgf@pathminx=\dimen142
\pgf@pathmaxx=\dimen143
\pgf@pathminy=\dimen144
\pgf@pathmaxy=\dimen145
\pgf@xx=\dimen146
\pgf@xy=\dimen147
\pgf@yx=\dimen148
\pgf@yy=\dimen149
\pgf@zx=\dimen150
\pgf@zy=\dimen151
)
("C:\Program Files\MiKTeX 2.9\tex\generic\pgf\basiclayer\pgfcorepathconstruct.c
ode.tex"
File: pgfcorepathconstruct.code.tex 2010/08/03  (rcs-revision 1.24)
\pgf@path@lastx=\dimen152
\pgf@path@lasty=\dimen153
)
("C:\Program Files\MiKTeX 2.9\tex\generic\pgf\basiclayer\pgfcorepathusage.code.
tex"
File: pgfcorepathusage.code.tex 2008/04/22  (rcs-revision 1.12)
\pgf@shorten@end@additional=\dimen154
\pgf@shorten@start@additional=\dimen155
)
("C:\Program Files\MiKTeX 2.9\tex\generic\pgf\basiclayer\pgfcorescopes.code.tex
"
File: pgfcorescopes.code.tex 2010/09/08  (rcs-revision 1.34)
\pgfpic=\box36
\pgf@hbox=\box37
\pgf@layerbox@main=\box38
\pgf@picture@serial@count=\count114
)
("C:\Program Files\MiKTeX 2.9\tex\generic\pgf\basiclayer\pgfcoregraphicstate.co
de.tex"
File: pgfcoregraphicstate.code.tex 2008/04/22  (rcs-revision 1.9)
\pgflinewidth=\dimen156
)
("C:\Program Files\MiKTeX 2.9\tex\generic\pgf\basiclayer\pgfcoretransformations
.code.tex"
File: pgfcoretransformations.code.tex 2009/06/10  (rcs-revision 1.11)
\pgf@pt@x=\dimen157
\pgf@pt@y=\dimen158
\pgf@pt@temp=\dimen159
)
("C:\Program Files\MiKTeX 2.9\tex\generic\pgf\basiclayer\pgfcorequick.code.tex"
File: pgfcorequick.code.tex 2008/10/09  (rcs-revision 1.3)
)
("C:\Program Files\MiKTeX 2.9\tex\generic\pgf\basiclayer\pgfcoreobjects.code.te
x"
File: pgfcoreobjects.code.tex 2006/10/11  (rcs-revision 1.2)
)
("C:\Program Files\MiKTeX 2.9\tex\generic\pgf\basiclayer\pgfcorepathprocessing.
code.tex"
File: pgfcorepathprocessing.code.tex 2008/10/09  (rcs-revision 1.8)
)
("C:\Program Files\MiKTeX 2.9\tex\generic\pgf\basiclayer\pgfcorearrows.code.tex
"
File: pgfcorearrows.code.tex 2008/04/23  (rcs-revision 1.11)
)
("C:\Program Files\MiKTeX 2.9\tex\generic\pgf\basiclayer\pgfcoreshade.code.tex"
File: pgfcoreshade.code.tex 2008/11/23  (rcs-revision 1.13)
\pgf@max=\dimen160
\pgf@sys@shading@range@num=\count115
) ("C:\Program Files\MiKTeX 2.9\tex\generic\pgf\basiclayer\pgfcoreimage.code.te
x"
File: pgfcoreimage.code.tex 2010/03/25  (rcs-revision 1.16)

("C:\Program Files\MiKTeX 2.9\tex\generic\pgf\basiclayer\pgfcoreexternal.code.t
ex"
File: pgfcoreexternal.code.tex 2010/09/01  (rcs-revision 1.17)
\pgfexternal@startupbox=\box39
))
("C:\Program Files\MiKTeX 2.9\tex\generic\pgf\basiclayer\pgfcorelayers.code.tex
"
File: pgfcorelayers.code.tex 2010/08/27  (rcs-revision 1.2)
)
("C:\Program Files\MiKTeX 2.9\tex\generic\pgf\basiclayer\pgfcoretransparency.co
de.tex"
File: pgfcoretransparency.code.tex 2008/01/17  (rcs-revision 1.2)
)
("C:\Program Files\MiKTeX 2.9\tex\generic\pgf\basiclayer\pgfcorepatterns.code.t
ex"
File: pgfcorepatterns.code.tex 2009/07/02  (rcs-revision 1.3)
))) ("C:\Program Files\MiKTeX 2.9\tex\latex\pgf\utilities\xxcolor.sty"
Package: xxcolor 2003/10/24 ver 0.1
\XC@nummixins=\count116
\XC@countmixins=\count117
)
("C:\Program Files\MiKTeX 2.9\tex\generic\oberdiek\atbegshi.sty"
Package: atbegshi 2011/10/05 v1.16 At begin shipout hook (HO)
)
("C:\Program Files\MiKTeX 2.9\tex\latex\hyperref\hyperref.sty"
Package: hyperref 2012/11/06 v6.83m Hypertext links for LaTeX

("C:\Program Files\MiKTeX 2.9\tex\generic\oberdiek\hobsub-hyperref.sty"
Package: hobsub-hyperref 2012/04/25 v1.12 Bundle oberdiek, subset hyperref (HO)


("C:\Program Files\MiKTeX 2.9\tex\generic\oberdiek\hobsub-generic.sty"
Package: hobsub-generic 2012/04/25 v1.12 Bundle oberdiek, subset generic (HO)
Package: hobsub 2012/04/25 v1.12 Construct package bundles (HO)
Package hobsub Info: Skipping package `infwarerr' (already loaded).
Package hobsub Info: Skipping package `ltxcmds' (already loaded).
Package: ifluatex 2010/03/01 v1.3 Provides the ifluatex switch (HO)
Package ifluatex Info: LuaTeX not detected.
Package hobsub Info: Skipping package `ifvtex' (already loaded).
Package: intcalc 2007/09/27 v1.1 Expandable calculations with integers (HO)
Package hobsub Info: Skipping package `ifpdf' (already loaded).
Package: etexcmds 2011/02/16 v1.5 Avoid name clashes with e-TeX commands (HO)
Package etexcmds Info: Could not find \expanded.
(etexcmds)             That can mean that you are not using pdfTeX 1.50 or
(etexcmds)             that some package has redefined \expanded.
(etexcmds)             In the latter case, load this package earlier.
Package: kvsetkeys 2012/04/25 v1.16 Key value parser (HO)
Package: kvdefinekeys 2011/04/07 v1.3 Define keys (HO)
Package: pdftexcmds 2011/11/29 v0.20 Utility functions of pdfTeX for LuaTeX (HO
)
Package pdftexcmds Info: LuaTeX not detected.
Package pdftexcmds Info: \pdf@primitive is available.
Package pdftexcmds Info: \pdf@ifprimitive is available.
Package pdftexcmds Info: \pdfdraftmode found.
Package: pdfescape 2011/11/25 v1.13 Implements pdfTeX's escape features (HO)
Package: bigintcalc 2012/04/08 v1.3 Expandable calculations on big integers (HO
)
Package: bitset 2011/01/30 v1.1 Handle bit-vector datatype (HO)
Package: uniquecounter 2011/01/30 v1.2 Provide unlimited unique counter (HO)
)
Package hobsub Info: Skipping package `hobsub' (already loaded).
Package: letltxmacro 2010/09/02 v1.4 Let assignment for LaTeX macros (HO)
Package: hopatch 2011/06/24 v1.1 Wrapper for package hooks (HO)
Package: xcolor-patch 2011/01/30 xcolor patch
Package: atveryend 2011/06/30 v1.8 Hooks at the very end of document (HO)
Package atveryend Info: \enddocument detected (standard20110627).
Package hobsub Info: Skipping package `atbegshi' (already loaded).
Package: refcount 2011/10/16 v3.4 Data extraction from label references (HO)
Package: hycolor 2011/01/30 v1.7 Color options for hyperref/bookmark (HO)
)
("C:\Program Files\MiKTeX 2.9\tex\latex\oberdiek\auxhook.sty"
Package: auxhook 2011/03/04 v1.3 Hooks for auxiliary files (HO)
)
("C:\Program Files\MiKTeX 2.9\tex\latex\oberdiek\kvoptions.sty"
Package: kvoptions 2011/06/30 v3.11 Key value format for package options (HO)
)
\@linkdim=\dimen161
\Hy@linkcounter=\count118
\Hy@pagecounter=\count119

("C:\Program Files\MiKTeX 2.9\tex\latex\hyperref\pd1enc.def"
File: pd1enc.def 2012/11/06 v6.83m Hyperref: PDFDocEncoding definition (HO)
)
\Hy@SavedSpaceFactor=\count120

("C:\Program Files\MiKTeX 2.9\tex\latex\00miktex\hyperref.cfg"
File: hyperref.cfg 2002/06/06 v1.2 hyperref configuration of TeXLive
)
Package hyperref Info: Option `bookmarks' set `true' on input line 4319.
Package hyperref Info: Option `bookmarksopen' set `true' on input line 4319.
Package hyperref Info: Option `implicit' set `false' on input line 4319.
Package hyperref Info: Hyper figures OFF on input line 4443.
Package hyperref Info: Link nesting OFF on input line 4448.
Package hyperref Info: Hyper index ON on input line 4451.
Package hyperref Info: Plain pages OFF on input line 4458.
Package hyperref Info: Backreferencing OFF on input line 4463.
Package hyperref Info: Implicit mode OFF; no redefinition of LaTeX internals.
Package hyperref Info: Bookmarks ON on input line 4688.
\c@Hy@tempcnt=\count121

("C:\Program Files\MiKTeX 2.9\tex\latex\url\url.sty"
\Urlmuskip=\muskip10
Package: url 2013/09/16  ver 3.4  Verb mode for urls, etc.
)
LaTeX Info: Redefining \url on input line 5041.
\XeTeXLinkMargin=\dimen162
\Fld@menulength=\count122
\Field@Width=\dimen163
\Fld@charsize=\dimen164
Package hyperref Info: Hyper figures OFF on input line 6295.
Package hyperref Info: Link nesting OFF on input line 6300.
Package hyperref Info: Hyper index ON on input line 6303.
Package hyperref Info: backreferencing OFF on input line 6310.
Package hyperref Info: Link coloring OFF on input line 6315.
Package hyperref Info: Link coloring with OCG OFF on input line 6320.
Package hyperref Info: PDF/A mode OFF on input line 6325.
LaTeX Info: Redefining \ref on input line 6365.
LaTeX Info: Redefining \pageref on input line 6369.
\Hy@abspage=\count123


Package hyperref Message: Stopped early.

)

Package hyperref Message: Driver (autodetected): hpdftex.

("C:\Program Files\MiKTeX 2.9\tex\latex\hyperref\hpdftex.def"
File: hpdftex.def 2012/11/06 v6.83m Hyperref driver for pdfTeX
\Fld@listcount=\count124
\c@bookmark@seq@number=\count125

("C:\Program Files\MiKTeX 2.9\tex\latex\oberdiek\rerunfilecheck.sty"
Package: rerunfilecheck 2011/04/15 v1.7 Rerun checks for auxiliary files (HO)
Package uniquecounter Info: New unique counter `rerunfilecheck' on input line 2
82.
))
("C:\Program Files\MiKTeX 2.9\tex\latex\beamer\base\beamerbaserequires.sty"
Package: beamerbaserequires 2010/05/01  (rcs-revision efa082c6111d)

("C:\Program Files\MiKTeX 2.9\tex\latex\beamer\base\beamerbasecompatibility.sty
"
Package: beamerbasecompatibility 2012/05/01  (rcs-revision 67c48b3b652d)
) ("C:\Program Files\MiKTeX 2.9\tex\latex\beamer\base\beamerbasefont.sty"
Package: beamerbasefont 2013/10/18  (rcs-revision 72f39e01808a)

("C:\Program Files\MiKTeX 2.9\tex\latex\amsfonts\amssymb.sty"
Package: amssymb 2013/01/14 v3.01 AMS font symbols

("C:\Program Files\MiKTeX 2.9\tex\latex\amsfonts\amsfonts.sty"
Package: amsfonts 2013/01/14 v3.01 Basic AMSFonts support
\@emptytoks=\toks23
\symAMSa=\mathgroup4
\symAMSb=\mathgroup5
LaTeX Font Info:    Overwriting math alphabet `\mathfrak' in version `bold'
(Font)                  U/euf/m/n --> U/euf/b/n on input line 106.
))
("C:\Program Files\MiKTeX 2.9\tex\latex\sansmathaccent\sansmathaccent.sty"
Package: sansmathaccent 2013/03/28

("C:\Program Files\MiKTeX 2.9\tex\latex\filehook\filehook.sty"
Package: filehook 2011/10/12 v0.5d Hooks for input files
)))
("C:\Program Files\MiKTeX 2.9\tex\latex\beamer\base\beamerbasetranslator.sty"
Package: beamerbasetranslator 2010/06/11  (rcs-revision 85fd1cc7fc42)

("C:\Program Files\MiKTeX 2.9\tex\latex\beamer\base\translator\translator.sty"
Package: translator 2010/06/12 ver 1.10

("C:\Program Files\MiKTeX 2.9\tex\latex\beamer\base\translator\translator-langu
age-mappings.tex")))
("C:\Program Files\MiKTeX 2.9\tex\latex\beamer\base\beamerbasemisc.sty"
Package: beamerbasemisc 2013/09/03  (rcs-revision a55719c41d85)
)
("C:\Program Files\MiKTeX 2.9\tex\latex\beamer\base\beamerbasetwoscreens.sty"
Package: beamerbasetwoscreens 2010/05/01  (rcs-revision efa082c6111d)
)
("C:\Program Files\MiKTeX 2.9\tex\latex\beamer\base\beamerbaseoverlay.sty"
Package: beamerbaseoverlay 2013/12/25  (rcs-revision f6bd5e3805da)
\beamer@argscount=\count126
\beamer@lastskipcover=\skip44
\beamer@trivlistdepth=\count127
)
("C:\Program Files\MiKTeX 2.9\tex\latex\beamer\base\beamerbasetitle.sty"
Package: beamerbasetitle 2010/09/21  (rcs-revision f0446ed0b6ae)
)
("C:\Program Files\MiKTeX 2.9\tex\latex\beamer\base\beamerbasesection.sty"
Package: beamerbasesection 2013/06/07  (rcs-revision 60b9fe0f342f)
\c@lecture=\count128
\c@part=\count129
\c@section=\count130
\c@subsection=\count131
\c@subsubsection=\count132
)
("C:\Program Files\MiKTeX 2.9\tex\latex\beamer\base\beamerbaseframe.sty"
Package: beamerbaseframe 2013/10/02  (rcs-revision cdc8e9a3aaac)
\beamer@framebox=\box40
\beamer@frametitlebox=\box41
\beamer@zoombox=\box42
\beamer@zoomcount=\count133
\beamer@zoomframecount=\count134
\beamer@frametextheight=\dimen165
\c@subsectionslide=\count135
\beamer@frametopskip=\skip45
\beamer@framebottomskip=\skip46
\beamer@frametopskipautobreak=\skip47
\beamer@framebottomskipautobreak=\skip48
\beamer@envbody=\toks24
\framewidth=\dimen166
\c@framenumber=\count136
)
("C:\Program Files\MiKTeX 2.9\tex\latex\beamer\base\beamerbaseverbatim.sty"
Package: beamerbaseverbatim 2012/08/30  (rcs-revision dfdb135076b3)
\beamer@verbatimfileout=\write4
)
("C:\Program Files\MiKTeX 2.9\tex\latex\beamer\base\beamerbaseframesize.sty"
Package: beamerbaseframesize 2011/09/12  (rcs-revision 70f9d8411e54)
\beamer@splitbox=\box43
\beamer@autobreakcount=\count137
\beamer@autobreaklastheight=\dimen167
\beamer@frametitletoks=\toks25
\beamer@framesubtitletoks=\toks26
)
("C:\Program Files\MiKTeX 2.9\tex\latex\beamer\base\beamerbaseframecomponents.s
ty"
Package: beamerbaseframecomponents 2013/10/18  (rcs-revision 5cf6c5555a45)
\beamer@footins=\box44
) ("C:\Program Files\MiKTeX 2.9\tex\latex\beamer\base\beamerbasecolor.sty"
Package: beamerbasecolor 2010/06/06  (rcs-revision d1a9b48be06d)
)
("C:\Program Files\MiKTeX 2.9\tex\latex\beamer\base\beamerbasenotes.sty"
Package: beamerbasenotes 2012/12/19  (rcs-revision 1686da3db3c9)
\beamer@frameboxcopy=\box45
)
("C:\Program Files\MiKTeX 2.9\tex\latex\beamer\base\beamerbasetoc.sty"
Package: beamerbasetoc 2013/05/23  (rcs-revision 0fdf5bc43be8)
)
("C:\Program Files\MiKTeX 2.9\tex\latex\beamer\base\beamerbasetemplates.sty"
Package: beamerbasetemplates 2010/05/01  (rcs-revision efa082c6111d)
\beamer@sbttoks=\toks27

("C:\Program Files\MiKTeX 2.9\tex\latex\beamer\base\beamerbaseauxtemplates.sty"
Package: beamerbaseauxtemplates 2013/09/04  (rcs-revision 4ac715c499d0)
("C:\Program Files\MiKTeX 2.9\tex\latex\beamer\base\beamerbaseboxes.sty"
Package: beamerbaseboxes 2012/05/13  (rcs-revision 56972908a390)
\bmb@box=\box46
\bmb@colorbox=\box47
\bmb@boxshadow=\box48
\bmb@boxshadowball=\box49
\bmb@boxshadowballlarge=\box50
\bmb@temp=\dimen168
\bmb@dima=\dimen169
\bmb@dimb=\dimen170
\bmb@prevheight=\dimen171
)
\beamer@blockheadheight=\dimen172
))
("C:\Program Files\MiKTeX 2.9\tex\latex\beamer\base\beamerbaselocalstructure.st
y"
Package: beamerbaselocalstructure 2013/09/04  (rcs-revision 4ac715c499d0)
 ("C:\Program Files\MiKTeX 2.9\tex\latex\tools\enumerate.sty"
Package: enumerate 1999/03/05 v3.00 enumerate extensions (DPC)
\@enLab=\toks28
)
\c@figure=\count138
\c@table=\count139
\abovecaptionskip=\skip49
\belowcaptionskip=\skip50
)
("C:\Program Files\MiKTeX 2.9\tex\latex\beamer\base\beamerbasenavigation.sty"
Package: beamerbasenavigation 2013/10/05  (rcs-revision 62be157fe783)
\beamer@section@min@dim=\dimen173
)
("C:\Program Files\MiKTeX 2.9\tex\latex\beamer\base\beamerbasetheorems.sty"
Package: beamerbasetheorems 2010/06/06  (rcs-revision 7e7cc5e53e9d)

("C:\Program Files\MiKTeX 2.9\tex\latex\amsmath\amsmath.sty"
Package: amsmath 2013/01/14 v2.14 AMS math features
\@mathmargin=\skip51

For additional information on amsmath, use the `?' option.
("C:\Program Files\MiKTeX 2.9\tex\latex\amsmath\amstext.sty"
Package: amstext 2000/06/29 v2.01

("C:\Program Files\MiKTeX 2.9\tex\latex\amsmath\amsgen.sty"
File: amsgen.sty 1999/11/30 v2.0
\@emptytoks=\toks29
\ex@=\dimen174
))
("C:\Program Files\MiKTeX 2.9\tex\latex\amsmath\amsbsy.sty"
Package: amsbsy 1999/11/29 v1.2d
\pmbraise@=\dimen175
)
("C:\Program Files\MiKTeX 2.9\tex\latex\amsmath\amsopn.sty"
Package: amsopn 1999/12/14 v2.01 operator names
)
\inf@bad=\count140
LaTeX Info: Redefining \frac on input line 210.
\uproot@=\count141
\leftroot@=\count142
LaTeX Info: Redefining \overline on input line 306.
\classnum@=\count143
\DOTSCASE@=\count144
LaTeX Info: Redefining \ldots on input line 378.
LaTeX Info: Redefining \dots on input line 381.
LaTeX Info: Redefining \cdots on input line 466.
\Mathstrutbox@=\box51
\strutbox@=\box52
\big@size=\dimen176
LaTeX Font Info:    Redeclaring font encoding OML on input line 566.
LaTeX Font Info:    Redeclaring font encoding OMS on input line 567.
\macc@depth=\count145
\c@MaxMatrixCols=\count146
\dotsspace@=\muskip11
\c@parentequation=\count147
\dspbrk@lvl=\count148
\tag@help=\toks30
\row@=\count149
\column@=\count150
\maxfields@=\count151
\andhelp@=\toks31
\eqnshift@=\dimen177
\alignsep@=\dimen178
\tagshift@=\dimen179
\tagwidth@=\dimen180
\totwidth@=\dimen181
\lineht@=\dimen182
\@envbody=\toks32
\multlinegap=\skip52
\multlinetaggap=\skip53
\mathdisplay@stack=\toks33
LaTeX Info: Redefining \[ on input line 2665.
LaTeX Info: Redefining \] on input line 2666.
)
("C:\Program Files\MiKTeX 2.9\tex\latex\amscls\amsthm.sty"
Package: amsthm 2004/08/06 v2.20
\thm@style=\toks34
\thm@bodyfont=\toks35
\thm@headfont=\toks36
\thm@notefont=\toks37
\thm@headpunct=\toks38
\thm@preskip=\skip54
\thm@postskip=\skip55
\thm@headsep=\skip56
\dth@everypar=\toks39
)
\c@theorem=\count152
)
("C:\Program Files\MiKTeX 2.9\tex\latex\beamer\base\beamerbasethemes.sty"
Package: beamerbasethemes 2010/05/01  (rcs-revision efa082c6111d)
))
("C:\Program Files\MiKTeX 2.9\tex\latex\beamer\base\themes\theme\beamerthemedef
ault.sty"
Package: beamerthemedefault 2010/06/17  (rcs-revision d02a7cf4d8ae)

("C:\Program Files\MiKTeX 2.9\tex\latex\beamer\base\themes\font\beamerfonttheme
default.sty"
Package: beamerfontthemedefault 2012/12/19  (rcs-revision 1686da3db3c9)
)
("C:\Program Files\MiKTeX 2.9\tex\latex\beamer\base\themes\color\beamercolorthe
medefault.sty"
Package: beamercolorthemedefault 2012/12/19  (rcs-revision 1686da3db3c9)
)
("C:\Program Files\MiKTeX 2.9\tex\latex\beamer\base\themes\inner\beamerinnerthe
medefault.sty"
Package: beamerinnerthemedefault 2013/10/15  (rcs-revision 65cb471f9634)
\beamer@dima=\dimen183
\beamer@dimb=\dimen184
)
("C:\Program Files\MiKTeX 2.9\tex\latex\beamer\base\themes\outer\beamerouterthe
medefault.sty"
Package: beamerouterthemedefault 2012/12/19  (rcs-revision 1686da3db3c9)
)))
("C:\Program Files\MiKTeX 2.9\tex\latex\beamer\base\themes\theme\beamerthemeWar
saw.sty"
Package: beamerthemeWarsaw 2010/06/17  (rcs-revision d02a7cf4d8ae)

("C:\Program Files\MiKTeX 2.9\tex\latex\beamer\base\themes\inner\beamerinnerthe
merounded.sty"
Package: beamerinnerthemerounded 2010/06/17  (rcs-revision d02a7cf4d8ae)
)
("C:\Program Files\MiKTeX 2.9\tex\latex\beamer\base\themes\outer\beamerouterthe
meshadow.sty"
Package: beamerouterthemeshadow 2010/06/17  (rcs-revision d02a7cf4d8ae)

("C:\Program Files\MiKTeX 2.9\tex\latex\beamer\base\themes\outer\beamerouterthe
mesplit.sty"
Package: beamerouterthemesplit 2012/10/16  (rcs-revision 51a8c72084af)
))
("C:\Program Files\MiKTeX 2.9\tex\latex\beamer\base\themes\color\beamercolorthe
meorchid.sty"
Package: beamercolorthemeorchid 2010/06/17  (rcs-revision d02a7cf4d8ae)
)
("C:\Program Files\MiKTeX 2.9\tex\latex\beamer\base\themes\color\beamercolorthe
mewhale.sty"
Package: beamercolorthemewhale 2010/06/17  (rcs-revision d02a7cf4d8ae)
)) ("C:\Program Files\MiKTeX 2.9\tex\generic\babel\babel.sty"
Package: babel 2008/07/08 v3.8m The Babel package

*************************************
* Local config file bblopts.cfg used
*
("C:\Program Files\MiKTeX 2.9\tex\latex\00miktex\bblopts.cfg"
File: bblopts.cfg 2006/07/31 v1.0 MiKTeX 'babel' configuration
)
("C:\Program Files\MiKTeX 2.9\tex\generic\babel\english.ldf"
Language: english 2005/03/30 v3.3o English support from the babel system

("C:\Program Files\MiKTeX 2.9\tex\generic\babel\babel.def"
File: babel.def 2008/07/08 v3.8m Babel common definitions
LaTeX Info: Redefining \textlatin on input line 82.
\babel@savecnt=\count153
\U@D=\dimen185
)
\l@canadian = a dialect from \language\l@american 
\l@australian = a dialect from \language\l@british 
\l@newzealand = a dialect from \language\l@british 
))
("C:\Program Files\MiKTeX 2.9\tex\latex\base\inputenc.sty"
Package: inputenc 2008/03/30 v1.1d Input encoding file
\inpenc@prehook=\toks40
\inpenc@posthook=\toks41

("C:\Program Files\MiKTeX 2.9\tex\latex\base\latin1.def"
File: latin1.def 2008/03/30 v1.1d Input encoding file
))
("C:\Program Files\MiKTeX 2.9\tex\latex\psnfss\times.sty"
Package: times 2005/04/12 PSNFSS-v9.2a (SPQR) 
)
("C:\Program Files\MiKTeX 2.9\tex\latex\base\fontenc.sty"
Package: fontenc 2005/09/27 v1.99g Standard LaTeX package

("C:\Program Files\MiKTeX 2.9\tex\latex\base\t1enc.def"
File: t1enc.def 2005/09/27 v1.99g Standard LaTeX file
LaTeX Font Info:    Redeclaring font encoding T1 on input line 43.
))
("C:\Program Files\MiKTeX 2.9\tex\latex\oberdiek\epstopdf.sty"
Package: epstopdf 2010/02/09 v2.5 Conversion with epstopdf on the fly (HO)

("C:\Program Files\MiKTeX 2.9\tex\latex\oberdiek\epstopdf-base.sty"
Package: epstopdf-base 2010/02/09 v2.5 Base part for package epstopdf

("C:\Program Files\MiKTeX 2.9\tex\latex\oberdiek\grfext.sty"
Package: grfext 2010/08/19 v1.1 Manage graphics extensions (HO)
)
Package grfext Info: Graphics extension search list:
(grfext)             [.png,.pdf,.jpg,.mps,.jpeg,.jbig2,.jb2,.PNG,.PDF,.JPG,.JPE
G,.JBIG2,.JB2,.eps]
(grfext)             \AppendGraphicsExtensions on input line 452.
))
("C:\Users\bhaba001\Documents\MATLAB\Neural Network\Landauer Summer 2015\Landau
er progress_1.aux")
LaTeX Font Info:    Checking defaults for OML/cmm/m/it on input line 57.
LaTeX Font Info:    ... okay on input line 57.
LaTeX Font Info:    Checking defaults for T1/cmr/m/n on input line 57.
LaTeX Font Info:    ... okay on input line 57.
LaTeX Font Info:    Checking defaults for OT1/cmr/m/n on input line 57.
LaTeX Font Info:    ... okay on input line 57.
LaTeX Font Info:    Checking defaults for OMS/cmsy/m/n on input line 57.
LaTeX Font Info:    ... okay on input line 57.
LaTeX Font Info:    Checking defaults for OMX/cmex/m/n on input line 57.
LaTeX Font Info:    ... okay on input line 57.
LaTeX Font Info:    Checking defaults for U/cmr/m/n on input line 57.
LaTeX Font Info:    ... okay on input line 57.
LaTeX Font Info:    Checking defaults for PD1/pdf/m/n on input line 57.
LaTeX Font Info:    ... okay on input line 57.
LaTeX Font Info:    Try loading font information for T1+phv on input line 57.
 ("C:\Program Files\MiKTeX 2.9\tex\latex\psnfss\t1phv.fd"
File: t1phv.fd 2001/06/04 scalable font definitions for T1/phv.
)
*geometry* driver: auto-detecting
*geometry* detected driver: pdftex
*geometry* verbose mode - [ preamble ] result:
* driver: pdftex
* paper: custom
* layout: <same size as paper>
* layoutoffset:(h,v)=(0.0pt,0.0pt)
* modes: includehead includefoot 
* h-part:(L,W,R)=(28.45274pt, 307.28987pt, 28.45274pt)
* v-part:(T,H,B)=(0.0pt, 273.14662pt, 0.0pt)
* \paperwidth=364.19536pt
* \paperheight=273.14662pt
* \textwidth=307.28987pt
* \textheight=244.6939pt
* \oddsidemargin=-43.81725pt
* \evensidemargin=-43.81725pt
* \topmargin=-72.26999pt
* \headheight=14.22636pt
* \headsep=0.0pt
* \topskip=11.0pt
* \footskip=14.22636pt
* \marginparwidth=4.0pt
* \marginparsep=10.0pt
* \columnsep=10.0pt
* \skip\footins=10.0pt plus 4.0pt minus 2.0pt
* \hoffset=0.0pt
* \voffset=0.0pt
* \mag=1000
* \@twocolumnfalse
* \@twosidefalse
* \@mparswitchfalse
* \@reversemarginfalse
* (1in=72.27pt=25.4mm, 1cm=28.453pt)

("C:\Program Files\MiKTeX 2.9\tex\context\base\supp-pdf.mkii"
[Loading MPS to PDF converter (version 2006.09.02).]
\scratchcounter=\count154
\scratchdimen=\dimen186
\scratchbox=\box53
\nofMPsegments=\count155
\nofMParguments=\count156
\everyMPshowfont=\toks42
\MPscratchCnt=\count157
\MPscratchDim=\dimen187
\MPnumerator=\count158
\makeMPintoPDFobject=\count159
\everyMPtoPDFconversion=\toks43
) ABD: EveryShipout initializing macros
\AtBeginShipoutBox=\box54
Package hyperref Info: Link coloring OFF on input line 57.

("C:\Program Files\MiKTeX 2.9\tex\latex\hyperref\nameref.sty"
Package: nameref 2012/10/27 v2.43 Cross-referencing by name of section

("C:\Program Files\MiKTeX 2.9\tex\generic\oberdiek\gettitlestring.sty"
Package: gettitlestring 2010/12/03 v1.4 Cleanup title references (HO)
)
\c@section@level=\count160
)
LaTeX Info: Redefining \ref on input line 57.
LaTeX Info: Redefining \pageref on input line 57.
LaTeX Info: Redefining \nameref on input line 57.

("C:\Users\bhaba001\Documents\MATLAB\Neural Network\Landauer Summer 2015\Landau
er progress_1.out")
("C:\Users\bhaba001\Documents\MATLAB\Neural Network\Landauer Summer 2015\Landau
er progress_1.out")
\@outlinefile=\write5
LaTeX Font Info:    Overwriting symbol font `operators' in version `normal'
(Font)                  OT1/cmr/m/n --> OT1/cmss/m/n on input line 57.
LaTeX Font Info:    Overwriting symbol font `operators' in version `bold'
(Font)                  OT1/cmr/bx/n --> OT1/cmss/bx/n on input line 57.
\symnumbers=\mathgroup6
\sympureletters=\mathgroup7
LaTeX Font Info:    Overwriting math alphabet `\mathrm' in version `normal'
(Font)                  OT1/cmss/m/n --> T1/ptm/m/n on input line 57.
LaTeX Font Info:    Redeclaring math alphabet \mathbf on input line 57.
LaTeX Font Info:    Overwriting math alphabet `\mathbf' in version `normal'
(Font)                  OT1/cmr/bx/n --> T1/phv/bx/n on input line 57.
LaTeX Font Info:    Overwriting math alphabet `\mathbf' in version `bold'
(Font)                  OT1/cmr/bx/n --> T1/phv/bx/n on input line 57.
LaTeX Font Info:    Redeclaring math alphabet \mathsf on input line 57.
LaTeX Font Info:    Overwriting math alphabet `\mathsf' in version `normal'
(Font)                  OT1/cmss/m/n --> T1/phv/m/n on input line 57.
LaTeX Font Info:    Overwriting math alphabet `\mathsf' in version `bold'
(Font)                  OT1/cmss/bx/n --> T1/phv/m/n on input line 57.
LaTeX Font Info:    Redeclaring math alphabet \mathit on input line 57.
LaTeX Font Info:    Overwriting math alphabet `\mathit' in version `normal'
(Font)                  OT1/cmr/m/it --> T1/phv/m/it on input line 57.
LaTeX Font Info:    Overwriting math alphabet `\mathit' in version `bold'
(Font)                  OT1/cmr/bx/it --> T1/phv/m/it on input line 57.
LaTeX Font Info:    Redeclaring math alphabet \mathtt on input line 57.
LaTeX Font Info:    Overwriting math alphabet `\mathtt' in version `normal'
(Font)                  OT1/cmtt/m/n --> T1/pcr/m/n on input line 57.
LaTeX Font Info:    Overwriting math alphabet `\mathtt' in version `bold'
(Font)                  OT1/cmtt/m/n --> T1/pcr/m/n on input line 57.
LaTeX Font Info:    Overwriting symbol font `numbers' in version `bold'
(Font)                  T1/phv/m/n --> T1/phv/bx/n on input line 57.
LaTeX Font Info:    Overwriting symbol font `pureletters' in version `bold'
(Font)                  T1/phv/m/it --> T1/phv/bx/it on input line 57.
LaTeX Font Info:    Overwriting math alphabet `\mathrm' in version `bold'
(Font)                  OT1/cmss/bx/n --> T1/ptm/bx/n on input line 57.
LaTeX Font Info:    Overwriting math alphabet `\mathbf' in version `bold'
(Font)                  T1/phv/bx/n --> T1/phv/bx/n on input line 57.
LaTeX Font Info:    Overwriting math alphabet `\mathsf' in version `bold'
(Font)                  T1/phv/m/n --> T1/phv/bx/n on input line 57.
LaTeX Font Info:    Overwriting math alphabet `\mathit' in version `bold'
(Font)                  T1/phv/m/it --> T1/phv/bx/it on input line 57.
LaTeX Font Info:    Overwriting math alphabet `\mathtt' in version `bold'
(Font)                  T1/pcr/m/n --> T1/pcr/bx/n on input line 57.

("C:\Program Files\MiKTeX 2.9\tex\latex\beamer\base\translator\dicts\translator
-basic-dictionary\translator-basic-dictionary-English.dict"
Dictionary: translator-basic-dictionary, Language: English 
)
("C:\Program Files\MiKTeX 2.9\tex\latex\beamer\base\translator\dicts\translator
-bibliography-dictionary\translator-bibliography-dictionary-English.dict"
Dictionary: translator-bibliography-dictionary, Language: English 
)
("C:\Program Files\MiKTeX 2.9\tex\latex\beamer\base\translator\dicts\translator
-environment-dictionary\translator-environment-dictionary-English.dict"
Dictionary: translator-environment-dictionary, Language: English 
)
("C:\Program Files\MiKTeX 2.9\tex\latex\beamer\base\translator\dicts\translator
-months-dictionary\translator-months-dictionary-English.dict"
Dictionary: translator-months-dictionary, Language: English 
)
("C:\Program Files\MiKTeX 2.9\tex\latex\beamer\base\translator\dicts\translator
-numbers-dictionary\translator-numbers-dictionary-English.dict"
Dictionary: translator-numbers-dictionary, Language: English 
)
("C:\Program Files\MiKTeX 2.9\tex\latex\beamer\base\translator\dicts\translator
-theorem-dictionary\translator-theorem-dictionary-English.dict"
Dictionary: translator-theorem-dictionary, Language: English 
)
LaTeX Info: Redefining \includegraphics on input line 57.

("C:\Users\bhaba001\Documents\MATLAB\Neural Network\Landauer Summer 2015\Landau
er progress_1.nav") [1{C:/ProgramData/MiKTeX/2.9/pdftex/config/pdftex.map}

]
("C:\Users\bhaba001\Documents\MATLAB\Neural Network\Landauer Summer 2015\Landau
er progress_1.toc") [2

]
Package epstopdf Info: Source file: <right_well_I4k_800.eps>
(epstopdf)                    date: 2015-07-12 17:07:21
(epstopdf)                    size: 25846 bytes
(epstopdf)             Output file: <right_well_I4k_800-eps-converted-to.pdf>
(epstopdf)                    date: 2015-07-12 17:08:56
(epstopdf)                    size: 7917 bytes
(epstopdf)             Command: <epstopdf --outfile=right_well_I4k_800-eps-conv
erted-to.pdf right_well_I4k_800.eps>
(epstopdf)             \includegraphics on input line 79.
Package epstopdf Info: Output file is already uptodate.

<right_well_I4k_800-eps-converted-to.pdf, id=134, 1083.04625pt x 372.39125pt>
File: right_well_I4k_800-eps-converted-to.pdf Graphic file (type pdf)

<use right_well_I4k_800-eps-converted-to.pdf>
Package pdftex.def Info: right_well_I4k_800-eps-converted-to.pdf used on input 
line 79.
(pdftex.def)             Requested size: 341.42578pt x 142.26587pt.

Overfull \hbox (34.13591pt too wide) in paragraph at lines 79--79
 [][][][] 
 []


Overfull \vbox (0.40344pt too high) detected at line 79
 []

[3

 <C:/Users/bhaba001/Documents/MATLAB/Neural Network/Landauer Summer 2015/right_
well_I4k_800-eps-converted-to.pdf>]
Package epstopdf Info: Source file: <left_well_I4k_800.eps>
(epstopdf)                    date: 2015-07-12 17:05:50
(epstopdf)                    size: 26282 bytes
(epstopdf)             Output file: <left_well_I4k_800-eps-converted-to.pdf>
(epstopdf)                    date: 2015-07-12 17:10:17
(epstopdf)                    size: 8137 bytes
(epstopdf)             Command: <epstopdf --outfile=left_well_I4k_800-eps-conve
rted-to.pdf left_well_I4k_800.eps>
(epstopdf)             \includegraphics on input line 92.
Package epstopdf Info: Output file is already uptodate.

<left_well_I4k_800-eps-converted-to.pdf, id=173, 1083.04625pt x 369.38pt>
File: left_well_I4k_800-eps-converted-to.pdf Graphic file (type pdf)

<use left_well_I4k_800-eps-converted-to.pdf>
Package pdftex.def Info: left_well_I4k_800-eps-converted-to.pdf used on input l
ine 92.
(pdftex.def)             Requested size: 341.42578pt x 142.26527pt.

Overfull \hbox (34.13591pt too wide) in paragraph at lines 92--92
 [] 
 []


Overfull \vbox (30.22783pt too high) detected at line 92
 []

[4

 <C:/Users/bhaba001/Documents/MATLAB/Neural Network/Landauer Summer 2015/left_w
ell_I4k_800-eps-converted-to.pdf>]
LaTeX Font Info:    Try loading font information for U+msa on input line 105.

("C:\Program Files\MiKTeX 2.9\tex\latex\amsfonts\umsa.fd"
File: umsa.fd 2013/01/14 v3.01 AMS symbols A
)
LaTeX Font Info:    Try loading font information for U+msb on input line 105.

("C:\Program Files\MiKTeX 2.9\tex\latex\amsfonts\umsb.fd"
File: umsb.fd 2013/01/14 v3.01 AMS symbols B
)
LaTeX Font Info:    Font shape `T1/phv/m/it' in size <10.95> not available
(Font)              Font shape `T1/phv/m/sl' tried instead on input line 105.
LaTeX Font Info:    Font shape `T1/phv/m/it' in size <8> not available
(Font)              Font shape `T1/phv/m/sl' tried instead on input line 105.
LaTeX Font Info:    Font shape `T1/phv/m/it' in size <6> not available
(Font)              Font shape `T1/phv/m/sl' tried instead on input line 105.
Package epstopdf Info: Source file: <both_wells_800_I4k.eps>
(epstopdf)                    date: 2015-07-12 17:07:47
(epstopdf)                    size: 12172 bytes
(epstopdf)             Output file: <both_wells_800_I4k-eps-converted-to.pdf>
(epstopdf)                    date: 2015-07-12 17:12:15
(epstopdf)                    size: 5476 bytes
(epstopdf)             Command: <epstopdf --outfile=both_wells_800_I4k-eps-conv
erted-to.pdf both_wells_800_I4k.eps>
(epstopdf)             \includegraphics on input line 105.
Package epstopdf Info: Output file is already uptodate.

<both_wells_800_I4k-eps-converted-to.pdf, id=211, 1083.04625pt x 375.4025pt>
File: both_wells_800_I4k-eps-converted-to.pdf Graphic file (type pdf)

<use both_wells_800_I4k-eps-converted-to.pdf>
Package pdftex.def Info: both_wells_800_I4k-eps-converted-to.pdf used on input 
line 105.
(pdftex.def)             Requested size: 341.42578pt x 142.26491pt.

Overfull \hbox (34.13591pt too wide) in paragraph at lines 105--105
 [] 
 []


Overfull \vbox (30.22746pt too high) detected at line 105
 []

[5

 <C:/Users/bhaba001/Documents/MATLAB/Neural Network/Landauer Summer 2015/both_w
ells_800_I4k-eps-converted-to.pdf>]
Package epstopdf Info: Source file: <right_well_I800_800.eps>
(epstopdf)                    date: 2015-07-12 17:32:44
(epstopdf)                    size: 27342 bytes
(epstopdf)             Output file: <right_well_I800_800-eps-converted-to.pdf>
(epstopdf)                    date: 2015-07-12 17:35:47
(epstopdf)                    size: 8804 bytes
(epstopdf)             Command: <epstopdf --outfile=right_well_I800_800-eps-con
verted-to.pdf right_well_I800_800.eps>
(epstopdf)             \includegraphics on input line 118.
Package epstopdf Info: Output file is already uptodate.

<right_well_I800_800-eps-converted-to.pdf, id=250, 1083.04625pt x 378.41376pt>
File: right_well_I800_800-eps-converted-to.pdf Graphic file (type pdf)

<use right_well_I800_800-eps-converted-to.pdf>
Package pdftex.def Info: right_well_I800_800-eps-converted-to.pdf used on input
 line 118.
(pdftex.def)             Requested size: 341.42578pt x 142.2628pt.

Overfull \hbox (34.13591pt too wide) in paragraph at lines 118--118
 [] 
 []


Overfull \vbox (30.22536pt too high) detected at line 118
 []

[6

 <C:/Users/bhaba001/Documents/MATLAB/Neural Network/Landauer Summer 2015/right_
well_I800_800-eps-converted-to.pdf>]
Package epstopdf Info: Source file: <both_wells_I4k_700.eps>
(epstopdf)                    date: 2015-07-12 17:56:18
(epstopdf)                    size: 11909 bytes
(epstopdf)             Output file: <both_wells_I4k_700-eps-converted-to.pdf>
(epstopdf)                    date: 2015-07-12 17:58:12
(epstopdf)                    size: 5483 bytes
(epstopdf)             Command: <epstopdf --outfile=both_wells_I4k_700-eps-conv
erted-to.pdf both_wells_I4k_700.eps>
(epstopdf)             \includegraphics on input line 133.
Package epstopdf Info: Output file is already uptodate.

<both_wells_I4k_700-eps-converted-to.pdf, id=288, 1083.04625pt x 387.4475pt>
File: both_wells_I4k_700-eps-converted-to.pdf Graphic file (type pdf)

<use both_wells_I4k_700-eps-converted-to.pdf>
Package pdftex.def Info: both_wells_I4k_700-eps-converted-to.pdf used on input 
line 133.
(pdftex.def)             Requested size: 341.42578pt x 142.26552pt.

Overfull \hbox (34.13591pt too wide) in paragraph at lines 133--133
 [][][][] 
 []


Overfull \vbox (0.40309pt too high) detected at line 133
 []

[7

 <C:/Users/bhaba001/Documents/MATLAB/Neural Network/Landauer Summer 2015/both_w
ells_I4k_700-eps-converted-to.pdf>]
Package epstopdf Info: Source file: <right_well_1_5k_700_3.eps>
(epstopdf)                    date: 2015-07-13 01:10:34
(epstopdf)                    size: 24654 bytes
(epstopdf)             Output file: <right_well_1_5k_700_3-eps-converted-to.pdf
>
(epstopdf)                    date: 2015-07-13 01:17:46
(epstopdf)                    size: 7955 bytes
(epstopdf)             Command: <epstopdf --outfile=right_well_1_5k_700_3-eps-c
onverted-to.pdf right_well_1_5k_700_3.eps>
(epstopdf)             \includegraphics on input line 146.
Package epstopdf Info: Output file is already uptodate.

<right_well_1_5k_700_3-eps-converted-to.pdf, id=327, 529.98pt x 400.49625pt>
File: right_well_1_5k_700_3-eps-converted-to.pdf Graphic file (type pdf)

<use right_well_1_5k_700_3-eps-converted-to.pdf>
Package pdftex.def Info: right_well_1_5k_700_3-eps-converted-to.pdf used on inp
ut line 146.
(pdftex.def)             Requested size: 341.43416pt x 142.26576pt.

Overfull \hbox (34.14429pt too wide) in paragraph at lines 146--146
 [][][][] 
 []


Overfull \vbox (0.40334pt too high) detected at line 146
 []

[8

 <C:/Users/bhaba001/Documents/MATLAB/Neural Network/Landauer Summer 2015/right_
well_1_5k_700_3-eps-converted-to.pdf>]
Package epstopdf Info: Source file: <left_well_1_5k_700_9.eps>
(epstopdf)                    date: 2015-07-13 01:11:00
(epstopdf)                    size: 24898 bytes
(epstopdf)             Output file: <left_well_1_5k_700_9-eps-converted-to.pdf>

(epstopdf)                    date: 2015-07-13 01:17:47
(epstopdf)                    size: 7890 bytes
(epstopdf)             Command: <epstopdf --outfile=left_well_1_5k_700_9-eps-co
nverted-to.pdf left_well_1_5k_700_9.eps>
(epstopdf)             \includegraphics on input line 159.
Package epstopdf Info: Output file is already uptodate.

<left_well_1_5k_700_9-eps-converted-to.pdf, id=365, 529.98pt x 403.5075pt>
File: left_well_1_5k_700_9-eps-converted-to.pdf Graphic file (type pdf)

<use left_well_1_5k_700_9-eps-converted-to.pdf>
Package pdftex.def Info: left_well_1_5k_700_9-eps-converted-to.pdf used on inpu
t line 159.
(pdftex.def)             Requested size: 341.43416pt x 142.26411pt.

Overfull \hbox (34.14429pt too wide) in paragraph at lines 159--159
 [][][][] 
 []


Overfull \vbox (0.40169pt too high) detected at line 159
 []

[9

 <C:/Users/bhaba001/Documents/MATLAB/Neural Network/Landauer Summer 2015/left_w
ell_1_5k_700_9-eps-converted-to.pdf>]
Package epstopdf Info: Source file: <both_wells_1_5k_700_3and9.eps>
(epstopdf)                    date: 2015-07-13 01:11:40
(epstopdf)                    size: 11625 bytes
(epstopdf)             Output file: <both_wells_1_5k_700_3and9-eps-converted-to
.pdf>
(epstopdf)                    date: 2015-07-13 01:17:48
(epstopdf)                    size: 5563 bytes
(epstopdf)             Command: <epstopdf --outfile=both_wells_1_5k_700_3and9-e
ps-converted-to.pdf both_wells_1_5k_700_3and9.eps>
(epstopdf)             \includegraphics on input line 172.
Package epstopdf Info: Output file is already uptodate.

<both_wells_1_5k_700_3and9-eps-converted-to.pdf, id=403, 529.98pt x 406.51875pt
>
File: both_wells_1_5k_700_3and9-eps-converted-to.pdf Graphic file (type pdf)
 <use both_wells_1_5k_700_3and9-eps-converted-to.pdf>
Package pdftex.def Info: both_wells_1_5k_700_3and9-eps-converted-to.pdf used on
 input line 172.
(pdftex.def)             Requested size: 341.43416pt x 142.25887pt.

Overfull \hbox (34.14429pt too wide) in paragraph at lines 172--172
 [][][][] 
 []


Overfull \vbox (0.39644pt too high) detected at line 172
 []

[10

 <C:/Users/bhaba001/Documents/MATLAB/Neural Network/Landauer Summer 2015/both_w
ells_1_5k_700_3and9-eps-converted-to.pdf>]
Package epstopdf Info: Source file: <right_well_I1_5k_700_4.eps>
(epstopdf)                    date: 2015-07-13 00:56:50
(epstopdf)                    size: 26670 bytes
(epstopdf)             Output file: <right_well_I1_5k_700_4-eps-converted-to.pd
f>
(epstopdf)                    date: 2015-07-13 01:19:57
(epstopdf)                    size: 8247 bytes
(epstopdf)             Command: <epstopdf --outfile=right_well_I1_5k_700_4-eps-
converted-to.pdf right_well_I1_5k_700_4.eps>
(epstopdf)             \includegraphics on input line 185.
Package epstopdf Info: Output file is already uptodate.

<right_well_I1_5k_700_4-eps-converted-to.pdf, id=441, 1083.04625pt x 399.4925pt
>
File: right_well_I1_5k_700_4-eps-converted-to.pdf Graphic file (type pdf)
 <use right_well_I1_5k_700_4-eps-converted-to.pdf>
Package pdftex.def Info: right_well_I1_5k_700_4-eps-converted-to.pdf used on in
put line 185.
(pdftex.def)             Requested size: 341.42578pt x 142.26277pt.

Overfull \hbox (34.13591pt too wide) in paragraph at lines 185--185
 [] 
 []


Overfull \vbox (30.22533pt too high) detected at line 185
 []

[11

 <C:/Users/bhaba001/Documents/MATLAB/Neural Network/Landauer Summer 2015/right_
well_I1_5k_700_4-eps-converted-to.pdf>]
Package epstopdf Info: Source file: <left_well_I1_5k_700_3.eps>
(epstopdf)                    date: 2015-07-13 00:57:55
(epstopdf)                    size: 26736 bytes
(epstopdf)             Output file: <left_well_I1_5k_700_3-eps-converted-to.pdf
>
(epstopdf)                    date: 2015-07-13 01:19:58
(epstopdf)                    size: 8408 bytes
(epstopdf)             Command: <epstopdf --outfile=left_well_I1_5k_700_3-eps-c
onverted-to.pdf left_well_I1_5k_700_3.eps>
(epstopdf)             \includegraphics on input line 198.
Package epstopdf Info: Output file is already uptodate.

<left_well_I1_5k_700_3-eps-converted-to.pdf, id=479, 1083.04625pt x 402.50375pt
>
File: left_well_I1_5k_700_3-eps-converted-to.pdf Graphic file (type pdf)
 <use left_well_I1_5k_700_3-eps-converted-to.pdf>
Package pdftex.def Info: left_well_I1_5k_700_3-eps-converted-to.pdf used on inp
ut line 198.
(pdftex.def)             Requested size: 341.42578pt x 142.2603pt.

Overfull \hbox (34.13591pt too wide) in paragraph at lines 198--198
 [][][][] 
 []


Overfull \vbox (0.39787pt too high) detected at line 198
 []

[12

 <C:/Users/bhaba001/Documents/MATLAB/Neural Network/Landauer Summer 2015/left_w
ell_I1_5k_700_3-eps-converted-to.pdf>]
Package epstopdf Info: Source file: <both_wells_I1_5k_700_3and4.eps>
(epstopdf)                    date: 2015-07-13 00:59:03
(epstopdf)                    size: 12621 bytes
(epstopdf)             Output file: <both_wells_I1_5k_700_3and4-eps-converted-t
o.pdf>
(epstopdf)                    date: 2015-07-13 01:19:59
(epstopdf)                    size: 5683 bytes
(epstopdf)             Command: <epstopdf --outfile=both_wells_I1_5k_700_3and4-
eps-converted-to.pdf both_wells_I1_5k_700_3and4.eps>
(epstopdf)             \includegraphics on input line 211.
Package epstopdf Info: Output file is already uptodate.

<both_wells_I1_5k_700_3and4-eps-converted-to.pdf, id=517, 1083.04625pt x 405.51
5pt>
File: both_wells_I1_5k_700_3and4-eps-converted-to.pdf Graphic file (type pdf)
 <use both_wells_I1_5k_700_3and4-eps-converted-to.pdf>
Package pdftex.def Info: both_wells_I1_5k_700_3and4-eps-converted-to.pdf used o
n input line 211.
(pdftex.def)             Requested size: 341.42578pt x 142.2665pt.

Overfull \hbox (34.13591pt too wide) in paragraph at lines 211--211
 [][][][] 
 []


Overfull \vbox (0.40407pt too high) detected at line 211
 []

[13

 <C:/Users/bhaba001/Documents/MATLAB/Neural Network/Landauer Summer 2015/both_w
ells_I1_5k_700_3and4-eps-converted-to.pdf>]
Package epstopdf Info: Source file: <right_well_I900_1.eps>
(epstopdf)                    date: 2015-07-13 01:28:47
(epstopdf)                    size: 25289 bytes
(epstopdf)             Output file: <right_well_I900_1-eps-converted-to.pdf>
(epstopdf)                    date: 2015-07-13 01:37:36
(epstopdf)                    size: 8266 bytes
(epstopdf)             Command: <epstopdf --outfile=right_well_I900_1-eps-conve
rted-to.pdf right_well_I900_1.eps>
(epstopdf)             \includegraphics on input line 223.
Package epstopdf Info: Output file is already uptodate.

<right_well_I900_1-eps-converted-to.pdf, id=556, 529.98pt x 412.54124pt>
File: right_well_I900_1-eps-converted-to.pdf Graphic file (type pdf)

<use right_well_I900_1-eps-converted-to.pdf>
Package pdftex.def Info: right_well_I900_1-eps-converted-to.pdf used on input l
ine 223.
(pdftex.def)             Requested size: 341.43416pt x 142.26393pt.

Overfull \hbox (34.14429pt too wide) in paragraph at lines 223--223
 [][][][] 
 []


Overfull \vbox (14.00151pt too high) detected at line 223
 []

[14

 <C:/Users/bhaba001/Documents/MATLAB/Neural Network/Landauer Summer 2015/right_
well_I900_1-eps-converted-to.pdf>]
Package epstopdf Info: Source file: <I4k_both_wells_700_1.eps>
(epstopdf)                    date: 2015-07-13 11:56:11
(epstopdf)                    size: 12348 bytes
(epstopdf)             Output file: <I4k_both_wells_700_1-eps-converted-to.pdf>

(epstopdf)                    date: 2015-07-13 12:00:48
(epstopdf)                    size: 5638 bytes
(epstopdf)             Command: <epstopdf --outfile=I4k_both_wells_700_1-eps-co
nverted-to.pdf I4k_both_wells_700_1.eps>
(epstopdf)             \includegraphics on input line 236.
Package epstopdf Info: Output file is already uptodate.

<I4k_both_wells_700_1-eps-converted-to.pdf, id=594, 1444.39626pt x 526.96875pt>
File: I4k_both_wells_700_1-eps-converted-to.pdf Graphic file (type pdf)
<use I4k_both_wells_700_1-eps-converted-to.pdf>
Package pdftex.def Info: I4k_both_wells_700_1-eps-converted-to.pdf used on inpu
t line 236.
(pdftex.def)             Requested size: 341.41673pt x 142.26738pt.

Overfull \hbox (34.12686pt too wide) in paragraph at lines 236--236
 [][][][] 
 []


Overfull \vbox (0.40495pt too high) detected at line 236
 []

[15

 <C:/Users/bhaba001/Documents/MATLAB/Neural Network/Landauer Summer 2015/I4k_bo
th_wells_700_1-eps-converted-to.pdf>]
Package epstopdf Info: Source file: <I4k_both_wells_700_2.eps>
(epstopdf)                    date: 2015-07-13 11:56:39
(epstopdf)                    size: 12449 bytes
(epstopdf)             Output file: <I4k_both_wells_700_2-eps-converted-to.pdf>

(epstopdf)                    date: 2015-07-13 12:01:29
(epstopdf)                    size: 5937 bytes
(epstopdf)             Command: <epstopdf --outfile=I4k_both_wells_700_2-eps-co
nverted-to.pdf I4k_both_wells_700_2.eps>
(epstopdf)             \includegraphics on input line 249.
Package epstopdf Info: Output file is already uptodate.

<I4k_both_wells_700_2-eps-converted-to.pdf, id=631, 1444.39626pt x 529.98pt>
File: I4k_both_wells_700_2-eps-converted-to.pdf Graphic file (type pdf)

<use I4k_both_wells_700_2-eps-converted-to.pdf>
Package pdftex.def Info: I4k_both_wells_700_2-eps-converted-to.pdf used on inpu
t line 249.
(pdftex.def)             Requested size: 341.41673pt x 142.26355pt.

Overfull \hbox (34.12686pt too wide) in paragraph at lines 249--249
 [][][][] 
 []


Overfull \vbox (0.40112pt too high) detected at line 249
 []

[16

 <C:/Users/bhaba001/Documents/MATLAB/Neural Network/Landauer Summer 2015/I4k_bo
th_wells_700_2-eps-converted-to.pdf>]
Package epstopdf Info: Source file: <I900_left_1.eps>
(epstopdf)                    date: 2015-07-13 12:19:02
(epstopdf)                    size: 27918 bytes
(epstopdf)             Output file: <I900_left_1-eps-converted-to.pdf>
(epstopdf)                    date: 2015-07-13 12:21:07
(epstopdf)                    size: 8865 bytes
(epstopdf)             Command: <epstopdf --outfile=I900_left_1-eps-converted-t
o.pdf I900_left_1.eps>
(epstopdf)             \includegraphics on input line 262.
Package epstopdf Info: Output file is already uptodate.

<I900_left_1-eps-converted-to.pdf, id=668, 1444.39626pt x 539.01375pt>
File: I900_left_1-eps-converted-to.pdf Graphic file (type pdf)

<use I900_left_1-eps-converted-to.pdf>
Package pdftex.def Info: I900_left_1-eps-converted-to.pdf used on input line 26
2.
(pdftex.def)             Requested size: 341.41673pt x 142.26222pt.

Overfull \hbox (34.12686pt too wide) in paragraph at lines 262--262
 [][][][] 
 []


Overfull \vbox (13.9998pt too high) detected at line 262
 []

[17

 <C:/Users/bhaba001/Documents/MATLAB/Neural Network/Landauer Summer 2015/I900_l
eft_1-eps-converted-to.pdf>]
Package epstopdf Info: Source file: <I900_left_3.eps>
(epstopdf)                    date: 2015-07-13 12:41:44
(epstopdf)                    size: 27461 bytes
(epstopdf)             Output file: <I900_left_3-eps-converted-to.pdf>
(epstopdf)                    date: 2015-07-13 12:43:11
(epstopdf)                    size: 8359 bytes
(epstopdf)             Command: <epstopdf --outfile=I900_left_3-eps-converted-t
o.pdf I900_left_3.eps>
(epstopdf)             \includegraphics on input line 276.
Package epstopdf Info: Output file is already uptodate.

<I900_left_3-eps-converted-to.pdf, id=708, 1444.39626pt x 554.07pt>
File: I900_left_3-eps-converted-to.pdf Graphic file (type pdf)

<use I900_left_3-eps-converted-to.pdf>
Package pdftex.def Info: I900_left_3-eps-converted-to.pdf used on input line 27
6.
(pdftex.def)             Requested size: 341.41673pt x 142.26247pt.

Overfull \hbox (34.12686pt too wide) in paragraph at lines 276--276
 [][][][] 
 []


Overfull \vbox (14.00005pt too high) detected at line 276
 []

[18

 <C:/Users/bhaba001/Documents/MATLAB/Neural Network/Landauer Summer 2015/I900_l
eft_3-eps-converted-to.pdf>]
Package epstopdf Info: Source file: <I900_both_1.eps>
(epstopdf)                    date: 2015-07-13 12:11:29
(epstopdf)                    size: 27091 bytes
(epstopdf)             Output file: <I900_both_1-eps-converted-to.pdf>
(epstopdf)                    date: 2015-07-13 12:13:02
(epstopdf)                    size: 8626 bytes
(epstopdf)             Command: <epstopdf --outfile=I900_both_1-eps-converted-t
o.pdf I900_both_1.eps>
(epstopdf)             \includegraphics on input line 289.
Package epstopdf Info: Output file is already uptodate.

<I900_both_1-eps-converted-to.pdf, id=746, 1444.39626pt x 532.99126pt>
File: I900_both_1-eps-converted-to.pdf Graphic file (type pdf)

<use I900_both_1-eps-converted-to.pdf>
Package pdftex.def Info: I900_both_1-eps-converted-to.pdf used on input line 28
9.
(pdftex.def)             Requested size: 341.41673pt x 128.03436pt.

Overfull \hbox (34.12686pt too wide) in paragraph at lines 289--289
 [][][][] 
 []


Overfull \vbox (13.37195pt too high) detected at line 289
 []

[19

 <C:/Users/bhaba001/Documents/MATLAB/Neural Network/Landauer Summer 2015/I900_b
oth_1-eps-converted-to.pdf>]
Package epstopdf Info: Source file: <I900_right_16.eps>
(epstopdf)                    date: 2015-07-13 12:31:14
(epstopdf)                    size: 27197 bytes
(epstopdf)             Output file: <I900_right_16-eps-converted-to.pdf>
(epstopdf)                    date: 2015-07-13 12:32:43
(epstopdf)                    size: 8728 bytes
(epstopdf)             Command: <epstopdf --outfile=I900_right_16-eps-converted
-to.pdf I900_right_16.eps>
(epstopdf)             \includegraphics on input line 302.
Package epstopdf Info: Output file is already uptodate.

<I900_right_16-eps-converted-to.pdf, id=785, 1444.39626pt x 545.03625pt>
File: I900_right_16-eps-converted-to.pdf Graphic file (type pdf)

<use I900_right_16-eps-converted-to.pdf>
Package pdftex.def Info: I900_right_16-eps-converted-to.pdf used on input line 
302.
(pdftex.def)             Requested size: 341.41673pt x 128.03363pt.

Overfull \hbox (34.12686pt too wide) in paragraph at lines 302--302
 [][][][] 
 []


Overfull \vbox (13.37122pt too high) detected at line 302
 []

[20

 <C:/Users/bhaba001/Documents/MATLAB/Neural Network/Landauer Summer 2015/I900_r
ight_16-eps-converted-to.pdf>]
Package epstopdf Info: Source file: <I900_both_2.eps>
(epstopdf)                    date: 2015-07-13 12:37:26
(epstopdf)                    size: 27474 bytes
(epstopdf)             Output file: <I900_both_2-eps-converted-to.pdf>
(epstopdf)                    date: 2015-07-13 12:39:18
(epstopdf)                    size: 8741 bytes
(epstopdf)             Command: <epstopdf --outfile=I900_both_2-eps-converted-t
o.pdf I900_both_2.eps>
(epstopdf)             \includegraphics on input line 315.
Package epstopdf Info: Output file is already uptodate.

<I900_both_2-eps-converted-to.pdf, id=823, 1444.39626pt x 551.05875pt>
File: I900_both_2-eps-converted-to.pdf Graphic file (type pdf)

<use I900_both_2-eps-converted-to.pdf>
Package pdftex.def Info: I900_both_2-eps-converted-to.pdf used on input line 31
5.
(pdftex.def)             Requested size: 341.41673pt x 128.03574pt.

Overfull \hbox (34.12686pt too wide) in paragraph at lines 315--315
 [][][][] 
 []


Overfull \vbox (13.37332pt too high) detected at line 315
 []

[21

 <C:/Users/bhaba001/Documents/MATLAB/Neural Network/Landauer Summer 2015/I900_b
oth_2-eps-converted-to.pdf>]
Package epstopdf Info: Source file: <I900_right_15.eps>
(epstopdf)                    date: 2015-07-13 12:23:21
(epstopdf)                    size: 27937 bytes
(epstopdf)             Output file: <I900_right_15-eps-converted-to.pdf>
(epstopdf)                    date: 2015-07-13 12:26:27
(epstopdf)                    size: 9051 bytes
(epstopdf)             Command: <epstopdf --outfile=I900_right_15-eps-converted
-to.pdf I900_right_15.eps>
(epstopdf)             \includegraphics on input line 328.
Package epstopdf Info: Output file is already uptodate.

<I900_right_15-eps-converted-to.pdf, id=861, 1444.39626pt x 542.025pt>
File: I900_right_15-eps-converted-to.pdf Graphic file (type pdf)

<use I900_right_15-eps-converted-to.pdf>
Package pdftex.def Info: I900_right_15-eps-converted-to.pdf used on input line 
328.
(pdftex.def)             Requested size: 341.41673pt x 128.03754pt.

Overfull \hbox (34.12686pt too wide) in paragraph at lines 328--328
 [][][][] 
 []


Overfull \vbox (13.37512pt too high) detected at line 328
 []

[22

 <C:/Users/bhaba001/Documents/MATLAB/Neural Network/Landauer Summer 2015/I900_r
ight_15-eps-converted-to.pdf>]
Package epstopdf Info: Source file: <I900_right_20.eps>
(epstopdf)                    date: 2015-07-13 12:33:58
(epstopdf)                    size: 28367 bytes
(epstopdf)             Output file: <I900_right_20-eps-converted-to.pdf>
(epstopdf)                    date: 2015-07-13 12:36:13
(epstopdf)                    size: 9057 bytes
(epstopdf)             Command: <epstopdf --outfile=I900_right_20-eps-converted
-to.pdf I900_right_20.eps>
(epstopdf)             \includegraphics on input line 341.
Package epstopdf Info: Output file is already uptodate.

<I900_right_20-eps-converted-to.pdf, id=899, 1444.39626pt x 548.0475pt>
File: I900_right_20-eps-converted-to.pdf Graphic file (type pdf)

<use I900_right_20-eps-converted-to.pdf>
Package pdftex.def Info: I900_right_20-eps-converted-to.pdf used on input line 
341.
(pdftex.def)             Requested size: 341.41673pt x 128.03854pt.

Overfull \hbox (34.12686pt too wide) in paragraph at lines 341--341
 [][][][] 
 []


Overfull \vbox (13.37613pt too high) detected at line 341
 []

[23

 <C:/Users/bhaba001/Documents/MATLAB/Neural Network/Landauer Summer 2015/I900_r
ight_20-eps-converted-to.pdf>]
Package epstopdf Info: Source file: <I800_right_1.eps>
(epstopdf)                    date: 2015-07-13 12:46:52
(epstopdf)                    size: 28597 bytes
(epstopdf)             Output file: <I800_right_1-eps-converted-to.pdf>
(epstopdf)                    date: 2015-07-13 12:49:40
(epstopdf)                    size: 9177 bytes
(epstopdf)             Command: <epstopdf --outfile=I800_right_1-eps-converted-
to.pdf I800_right_1.eps>
(epstopdf)             \includegraphics on input line 354.
Package epstopdf Info: Output file is already uptodate.

<I800_right_1-eps-converted-to.pdf, id=936, 1444.39626pt x 557.08125pt>
File: I800_right_1-eps-converted-to.pdf Graphic file (type pdf)

<use I800_right_1-eps-converted-to.pdf>
Package pdftex.def Info: I800_right_1-eps-converted-to.pdf used on input line 3
54.
(pdftex.def)             Requested size: 341.41673pt x 128.03249pt.

Overfull \hbox (34.12686pt too wide) in paragraph at lines 354--354
 [][][][] 
 []


Overfull \vbox (13.37007pt too high) detected at line 354
 []

[24

 <C:/Users/bhaba001/Documents/MATLAB/Neural Network/Landauer Summer 2015/I800_r
ight_1-eps-converted-to.pdf>] [25

] [26

]
Package epstopdf Info: Source file: <I4k_transfer_xb_6.eps>
(epstopdf)                    date: 2015-07-13 13:14:30
(epstopdf)                    size: 546122 bytes
(epstopdf)             Output file: <I4k_transfer_xb_6-eps-converted-to.pdf>
(epstopdf)                    date: 2015-07-13 13:17:19
(epstopdf)                    size: 291749 bytes
(epstopdf)             Command: <epstopdf --outfile=I4k_transfer_xb_6-eps-conve
rted-to.pdf I4k_transfer_xb_6.eps>
(epstopdf)             \includegraphics on input line 404.
Package epstopdf Info: Output file is already uptodate.

<I4k_transfer_xb_6-eps-converted-to.pdf, id=1042, 1444.39626pt x 569.12625pt>
File: I4k_transfer_xb_6-eps-converted-to.pdf Graphic file (type pdf)

<use I4k_transfer_xb_6-eps-converted-to.pdf>
Package pdftex.def Info: I4k_transfer_xb_6-eps-converted-to.pdf used on input l
ine 404.
(pdftex.def)             Requested size: 341.41673pt x 142.26384pt.

Overfull \hbox (34.12686pt too wide) in paragraph at lines 404--404
 [][][][] 
 []


Overfull \vbox (0.40141pt too high) detected at line 404
 []

[27

 <C:/Users/bhaba001/Documents/MATLAB/Neural Network/Landauer Summer 2015/I4k_tr
ansfer_xb_6-eps-converted-to.pdf>]
Package epstopdf Info: Source file: <I4k_transfer_ActualPos_6.eps>
(epstopdf)                    date: 2015-07-13 13:13:40
(epstopdf)                    size: 286361 bytes
(epstopdf)             Output file: <I4k_transfer_ActualPos_6-eps-converted-to.
pdf>
(epstopdf)                    date: 2015-07-13 13:18:08
(epstopdf)                    size: 170542 bytes
(epstopdf)             Command: <epstopdf --outfile=I4k_transfer_ActualPos_6-ep
s-converted-to.pdf I4k_transfer_ActualPos_6.eps>
(epstopdf)             \includegraphics on input line 416.
Package epstopdf Info: Output file is already uptodate.

<I4k_transfer_ActualPos_6-eps-converted-to.pdf, id=1080, 1444.39626pt x 566.115
pt>
File: I4k_transfer_ActualPos_6-eps-converted-to.pdf Graphic file (type pdf)
 <use I4k_transfer_ActualPos_6-eps-converted-to.pdf>
Package pdftex.def Info: I4k_transfer_ActualPos_6-eps-converted-to.pdf used on 
input line 416.
(pdftex.def)             Requested size: 341.41673pt x 142.26265pt.

Overfull \hbox (34.12686pt too wide) in paragraph at lines 416--416
 [][][][] 
 []


Overfull \vbox (0.40022pt too high) detected at line 416
 []

[28

 <C:/Users/bhaba001/Documents/MATLAB/Neural Network/Landauer Summer 2015/I4k_tr
ansfer_ActualPos_6-eps-converted-to.pdf>]
Package epstopdf Info: Source file: <I4k_transfer_wells_6.eps>
(epstopdf)                    date: 2015-07-13 13:21:44
(epstopdf)                    size: 26976 bytes
(epstopdf)             Output file: <I4k_transfer_wells_6-eps-converted-to.pdf>

(epstopdf)                    date: 2015-07-13 13:24:46
(epstopdf)                    size: 8318 bytes
(epstopdf)             Command: <epstopdf --outfile=I4k_transfer_wells_6-eps-co
nverted-to.pdf I4k_transfer_wells_6.eps>
(epstopdf)             \includegraphics on input line 428.
Package epstopdf Info: Output file is already uptodate.

<I4k_transfer_wells_6-eps-converted-to.pdf, id=1117, 1444.39626pt x 572.1375pt>
File: I4k_transfer_wells_6-eps-converted-to.pdf Graphic file (type pdf)
<use I4k_transfer_wells_6-eps-converted-to.pdf>
Package pdftex.def Info: I4k_transfer_wells_6-eps-converted-to.pdf used on inpu
t line 428.
(pdftex.def)             Requested size: 341.41673pt x 128.03569pt.

Overfull \hbox (34.12686pt too wide) in paragraph at lines 428--428
 [][][][] 
 []

[29

 <C:/Users/bhaba001/Documents/MATLAB/Neural Network/Landauer Summer 2015/I4k_tr
ansfer_wells_6-eps-converted-to.pdf>]
Package epstopdf Info: Source file: <nature_landauer_fig1.eps>
(epstopdf)                    date: 2015-07-26 19:19:45
(epstopdf)                    size: 69248 bytes
(epstopdf)             Output file: <nature_landauer_fig1-eps-converted-to.pdf>

(epstopdf)                    date: 2015-07-26 19:25:50
(epstopdf)                    size: 67151 bytes
(epstopdf)             Command: <epstopdf --outfile=nature_landauer_fig1-eps-co
nverted-to.pdf nature_landauer_fig1.eps>
(epstopdf)             \includegraphics on input line 441.
Package epstopdf Info: Output file is already uptodate.

<nature_landauer_fig1-eps-converted-to.pdf, id=1154, 585.18625pt x 655.44875pt>
File: nature_landauer_fig1-eps-converted-to.pdf Graphic file (type pdf)
<use nature_landauer_fig1-eps-converted-to.pdf>
Package pdftex.def Info: nature_landauer_fig1-eps-converted-to.pdf used on inpu
t line 441.
(pdftex.def)             Requested size: 341.44412pt x 142.25891pt.

Overfull \hbox (34.15425pt too wide) in paragraph at lines 441--441
 [][][][] 
 []

[30

 <C:/Users/bhaba001/Documents/MATLAB/Neural Network/Landauer Summer 2015/nature
_landauer_fig1-eps-converted-to.pdf>] [31

] [32

]
Package epstopdf Info: Source file: <I4k_both_wells_700_1.eps>
(epstopdf)                    date: 2015-07-13 11:56:11
(epstopdf)                    size: 12348 bytes
(epstopdf)             Output file: <I4k_both_wells_700_1-eps-converted-to.pdf>

(epstopdf)                    date: 2015-07-13 12:00:48
(epstopdf)                    size: 5638 bytes
(epstopdf)             Command: <epstopdf --outfile=I4k_both_wells_700_1-eps-co
nverted-to.pdf I4k_both_wells_700_1.eps>
(epstopdf)             \includegraphics on input line 490.
Package epstopdf Info: Output file is already uptodate.
File: I4k_both_wells_700_1-eps-converted-to.pdf Graphic file (type pdf)

<use I4k_both_wells_700_1-eps-converted-to.pdf>
Package pdftex.def Info: I4k_both_wells_700_1-eps-converted-to.pdf used on inpu
t line 490.
(pdftex.def)             Requested size: 341.41673pt x 128.035pt.

Overfull \hbox (34.12686pt too wide) in paragraph at lines 490--490
 [] 
 []

[33

]
Package epstopdf Info: Source file: <I4k_transfer_wells_6.eps>
(epstopdf)                    date: 2015-07-13 13:21:44
(epstopdf)                    size: 26976 bytes
(epstopdf)             Output file: <I4k_transfer_wells_6-eps-converted-to.pdf>

(epstopdf)                    date: 2015-07-13 13:24:46
(epstopdf)                    size: 8318 bytes
(epstopdf)             Command: <epstopdf --outfile=I4k_transfer_wells_6-eps-co
nverted-to.pdf I4k_transfer_wells_6.eps>
(epstopdf)             \includegraphics on input line 505.
Package epstopdf Info: Output file is already uptodate.
File: I4k_transfer_wells_6-eps-converted-to.pdf Graphic file (type pdf)
 <use I4k_transfer_wells_6-eps-converted-to.pdf>
Package pdftex.def Info: I4k_transfer_wells_6-eps-converted-to.pdf used on inpu
t line 505.
(pdftex.def)             Requested size: 341.41673pt x 128.03569pt.

Overfull \hbox (34.12686pt too wide) in paragraph at lines 505--505
 [] 
 []

[34

]
Overfull \vbox (7.76337pt too high) detected at line 531
 []

[35

]
Package epstopdf Info: Source file: <Mean_of_the_seven_potential_wells_probb1.e
ps>
(epstopdf)                    date: 2015-07-26 19:01:15
(epstopdf)                    size: 37342 bytes
(epstopdf)             Output file: <Mean_of_the_seven_potential_wells_probb1-e
ps-converted-to.pdf>
(epstopdf)                    date: 2015-07-26 19:03:18
(epstopdf)                    size: 32871 bytes
(epstopdf)             Command: <epstopdf --outfile=Mean_of_the_seven_potential
_wells_probb1-eps-converted-to.pdf Mean_of_the_seven_potential_wells_probb1.eps
>
(epstopdf)             \includegraphics on input line 543.
Package epstopdf Info: Output file is already uptodate.

<Mean_of_the_seven_potential_wells_probb1-eps-converted-to.pdf, id=1355, 1444.3
9626pt x 725.71124pt>
File: Mean_of_the_seven_potential_wells_probb1-eps-converted-to.pdf Graphic fil
e (type pdf)

<use Mean_of_the_seven_potential_wells_probb1-eps-converted-to.pdf>
Package pdftex.def Info: Mean_of_the_seven_potential_wells_probb1-eps-converted
-to.pdf used on input line 543.
(pdftex.def)             Requested size: 312.9635pt x 142.26057pt.

Overfull \hbox (5.67363pt too wide) in paragraph at lines 543--543
 [][][][] 
 []

LaTeX Font Info:    Font shape `T1/phv/m/it' in size <14.4> not available
(Font)              Font shape `T1/phv/m/sl' tried instead on input line 543.
LaTeX Font Info:    Font shape `T1/phv/m/it' in size <10> not available
(Font)              Font shape `T1/phv/m/sl' tried instead on input line 543.
LaTeX Font Info:    Font shape `T1/phv/m/it' in size <7> not available
(Font)              Font shape `T1/phv/m/sl' tried instead on input line 543.
[36

 <C:/Users/bhaba001/Documents/MATLAB/Neural Network/Landauer Summer 2015/Mean_o
f_the_seven_potential_wells_probb1-eps-converted-to.pdf>] [37

] [38

] [39

]
\tf@nav=\write6
\tf@toc=\write7
\tf@snm=\write8
Package atveryend Info: Empty hook `BeforeClearDocument' on input line 576.
Package atveryend Info: Empty hook `AfterLastShipout' on input line 576.

("C:\Users\bhaba001\Documents\MATLAB\Neural Network\Landauer Summer 2015\Landau
er progress_1.aux")
Package atveryend Info: Executing hook `AtVeryEndDocument' on input line 576.
Package atveryend Info: Executing hook `AtEndAfterFileList' on input line 576.
Package rerunfilecheck Info: File `Landauer*progress_1.out' has not changed.
(rerunfilecheck)             Checksum: <no file>.
Package atveryend Info: Empty hook `AtVeryVeryEnd' on input line 576.
 ) 
Here is how much of TeX's memory you used:
 16757 strings out of 493921
 313997 string characters out of 3147273
 381125 words of memory out of 3000000
 19479 multiletter control sequences out of 15000+200000
 43729 words of font info for 67 fonts, out of 3000000 for 9000
 841 hyphenation exceptions out of 8191
 56i,19n,68p,409b,642s stack positions out of 5000i,500n,10000p,200000b,50000s
{C:/Program Files/MiKTeX 2.9/fonts/enc/dvips/fontname/8r.enc}<C:/Program File
s/MiKTeX 2.9/fonts/type1/public/amsfonts/cm/cmex10.pfb><C:/Program Files/MiKTeX
 2.9/fonts/type1/public/amsfonts/cm/cmmi10.pfb><C:/Program Files/MiKTeX 2.9/fon
ts/type1/public/amsfonts/cm/cmss10.pfb><C:/Program Files/MiKTeX 2.9/fonts/type1
/public/amsfonts/cm/cmss8.pfb><C:/Program Files/MiKTeX 2.9/fonts/type1/public/a
msfonts/cm/cmsy10.pfb><C:/Program Files/MiKTeX 2.9/fonts/type1/urw/helvetic/uhv
r8a.pfb><C:/Program Files/MiKTeX 2.9/fonts/type1/urw/helvetic/uhvro8a.pfb>
Output written on "Landauer progress_1.pdf" (39 pages, 1034985 bytes).
PDF statistics:
 1538 PDF objects out of 1728 (max. 8388607)
 112 named destinations out of 1000 (max. 500000)
 268 words of extra memory for PDF output out of 10000 (max. 10000000)

